#
# A fatal error has been detected by the Java Runtime Environment:
#
#  Internal Error (os_windows_x86.cpp:143), pid=12848, tid=13132
#  guarantee(result == EXCEPTION_CONTINUE_EXECUTION) failed: Unexpected result from topLevelExceptionFilter
#
# JRE version: Java(TM) SE Runtime Environment (7.0_60-b19) (build 1.7.0_60-b19)
# Java VM: Java HotSpot(TM) 64-Bit Server VM (24.60-b09 mixed mode windows-amd64 compressed oops)
# Failed to write core dump. Minidumps are not enabled by default on client versions of Windows
#
# If you would like to submit a bug report, please visit:
http://bugreport.sun.com/bugreport/crash.jsp
#

---------------  T H R E A D  ---------------

Current thread (0x000000000b6c0800):  JavaThread "AWT-EventQueue-0" [_thread_in_vm, id=13132, stack(0x000000000c110000,0x000000000c210000)]

Stack: [0x000000000c110000,0x000000000c210000]
Java frames: (J=compiled Java code, j=interpreted, Vv=VM code)
j  java.lang.Shutdown.halt0(I)V+0
j  java.lang.Shutdown.halt(I)V+7
j  java.lang.Shutdown.exit(I)V+100
j  java.lang.Runtime.exit(I)V+14
j  java.lang.System.exit(I)V+4
j  com.mathworks.fatalexit.FatalExitFrame.exit(I)V+12
j  com.mathworks.fatalexit.FatalExitFrame.closeAndEndGracefully()V+2
j  com.mathworks.fatalexit.FatalExitFrame.access$000(Lcom/mathworks/fatalexit/FatalExitFrame;)V+1
j  com.mathworks.fatalexit.FatalExitFrame$1.windowClosed(Ljava/awt/event/WindowEvent;)V+4
j  java.awt.AWTEventMulticaster.windowClosed(Ljava/awt/event/WindowEvent;)V+8
j  java.awt.Window.processWindowEvent(Ljava/awt/event/WindowEvent;)V+78
j  javax.swing.JDialog.processWindowEvent(Ljava/awt/event/WindowEvent;)V+2
j  java.awt.Window.processEvent(Ljava/awt/AWTEvent;)V+69
j  java.awt.Component.dispatchEventImpl(Ljava/awt/AWTEvent;)V+581
j  java.awt.Container.dispatchEventImpl(Ljava/awt/AWTEvent;)V+42
j  java.awt.Window.dispatchEventImpl(Ljava/awt/AWTEvent;)V+19
j  java.awt.Component.dispatchEvent(Ljava/awt/AWTEvent;)V+2
j  java.awt.EventQueue.dispatchEventImpl(Ljava/awt/AWTEvent;Ljava/lang/Object;)V+41
j  java.awt.EventQueue.access$200(Ljava/awt/EventQueue;Ljava/awt/AWTEvent;Ljava/lang/Object;)V+3
j  java.awt.EventQueue$3.run()Ljava/lang/Void;+12
j  java.awt.EventQueue$3.run()Ljava/lang/Object;+1
v  ~StubRoutines::call_stub
J 210  java.security.AccessController.doPrivileged(Ljava/security/PrivilegedAction;Ljava/security/AccessControlContext;)Ljava/lang/Object; (0 bytes) @ 0x0000000002beedc6 [0x0000000002beed60+0x66]
J 270 C2 java.security.ProtectionDomain$1.doIntersectionPrivilege(Ljava/security/PrivilegedAction;Ljava/security/AccessControlContext;Ljava/security/AccessControlContext;)Ljava/lang/Object; (32 bytes) @ 0x0000000002c1005c [0x0000000002c0ff60+0xfc]
j  java.security.ProtectionDomain$1.doIntersectionPrivilege(Ljava/security/PrivilegedAction;Ljava/security/AccessControlContext;)Ljava/lang/Object;+6
j  java.awt.EventQueue$4.run()Ljava/lang/Void;+11
j  java.awt.EventQueue$4.run()Ljava/lang/Object;+1
v  ~StubRoutines::call_stub
J 210  java.security.AccessController.doPrivileged(Ljava/security/PrivilegedAction;Ljava/security/AccessControlContext;)Ljava/lang/Object; (0 bytes) @ 0x0000000002beedc6 [0x0000000002beed60+0x66]
J 270 C2 java.security.ProtectionDomain$1.doIntersectionPrivilege(Ljava/security/PrivilegedAction;Ljava/security/AccessControlContext;Ljava/security/AccessControlContext;)Ljava/lang/Object; (32 bytes) @ 0x0000000002c1005c [0x0000000002c0ff60+0xfc]
j  java.awt.EventQueue.dispatchEvent(Ljava/awt/AWTEvent;)V+73
j  java.awt.EventDispatchThread.pumpOneEventForFilters(I)V+245
j  java.awt.EventDispatchThread.pumpEventsForFilter(ILjava/awt/Conditional;Ljava/awt/EventFilter;)V+35
j  java.awt.EventDispatchThread.pumpEventsForHierarchy(ILjava/awt/Conditional;Ljava/awt/Component;)V+11
j  java.awt.EventDispatchThread.pumpEvents(ILjava/awt/Conditional;)V+4
j  java.awt.EventDispatchThread.pumpEvents(Ljava/awt/Conditional;)V+3
j  java.awt.EventDispatchThread.run()V+9
v  ~StubRoutines::call_stub

---------------  P R O C E S S  ---------------

Java Threads: ( => current thread )
  0x0000000009b27800 JavaThread "TimerQueue" daemon [_thread_blocked, id=7576, stack(0x0000000012700000,0x0000000012800000)]
  0x0000000000c2e800 JavaThread "DestroyJavaVM" [_thread_blocked, id=7196, stack(0x0000000002830000,0x0000000002930000)]
=>0x000000000b6c0800 JavaThread "AWT-EventQueue-0" [_thread_in_vm, id=13132, stack(0x000000000c110000,0x000000000c210000)]
  0x000000000b599800 JavaThread "AWT-Shutdown" [_thread_blocked, id=11076, stack(0x000000000bd70000,0x000000000be70000)]
  0x000000000b598800 JavaThread "Java2D Disposer" daemon [_thread_blocked, id=10692, stack(0x000000000bc70000,0x000000000bd70000)]
  0x0000000009ae3000 JavaThread "Service Thread" daemon [_thread_blocked, id=1684, stack(0x000000000b270000,0x000000000b370000)]
  0x0000000009adf800 JavaThread "C2 CompilerThread1" daemon [_thread_blocked, id=8500, stack(0x000000000b170000,0x000000000b270000)]
  0x0000000009ade000 JavaThread "C2 CompilerThread0" daemon [_thread_blocked, id=8232, stack(0x000000000b070000,0x000000000b170000)]
  0x0000000009adc800 JavaThread "Attach Listener" daemon [_thread_blocked, id=13096, stack(0x000000000af70000,0x000000000b070000)]
  0x0000000009ad9800 JavaThread "Signal Dispatcher" daemon [_thread_blocked, id=4880, stack(0x000000000ae70000,0x000000000af70000)]
  0x0000000009aa0000 JavaThread "Finalizer" daemon [_thread_blocked, id=9796, stack(0x000000000ad70000,0x000000000ae70000)]
  0x0000000009a96800 JavaThread "Reference Handler" daemon [_thread_blocked, id=10420, stack(0x000000000ac70000,0x000000000ad70000)]

Other Threads:
  0x0000000009a92000 VMThread [stack: 0x000000000ab70000,0x000000000ac70000] [id=6804]

VM state:synchronizing (normal execution)

VM Mutex/Monitor currently owned by a thread:  ([mutex/lock_event])
[0x0000000000c2d9d0] Threads_lock - owner thread: 0x0000000009a92000

Heap
 PSYoungGen      total 28672K, used 23379K [0x00000000e0880000, 0x00000000e2800000, 0x0000000100000000)
  eden space 25088K, 78% used [0x00000000e0880000,0x00000000e1bd8f00,0x00000000e2100000)
  from space 3584K, 99% used [0x00000000e2100000,0x00000000e247c028,0x00000000e2480000)
  to   space 3584K, 0% used [0x00000000e2480000,0x00000000e2480000,0x00000000e2800000)
 ParOldGen       total 64000K, used 317K [0x00000000a1a00000, 0x00000000a5880000, 0x00000000e0880000)
  object space 64000K, 0% used [0x00000000a1a00000,0x00000000a1a4f520,0x00000000a5880000)
 PSPermGen       total 21504K, used 11869K [0x000000009c800000, 0x000000009dd00000, 0x00000000a1a00000)
  object space 21504K, 55% used [0x000000009c800000,0x000000009d397520,0x000000009dd00000)

Card table byte_map: [0x0000000005b20000,0x0000000005e40000] byte_map_base: 0x000000000563c000

Polling page: 0x0000000000c10000

Code Cache  [0x0000000002b20000, 0x0000000002d90000, 0x0000000005b20000)
 total_blobs=738 nmethods=296 adapters=394 free_code_cache=48061Kb largest_free_block=49184960

Compilation events (10 events):
Event: 199.125 Thread 0x0000000009ade000  297             java.util.concurrent.locks.ReentrantLock$Sync::isHeldExclusively (16 bytes)
Event: 199.126 Thread 0x0000000009ade000 nmethod 297 0x0000000002c34c50 code [0x0000000002c34d80, 0x0000000002c34df8]
Event: 199.477 Thread 0x0000000009adf800  298             java.awt.AWTEvent::<init> (81 bytes)
Event: 199.479 Thread 0x0000000009adf800 nmethod 298 0x0000000002c17750 code [0x0000000002c178a0, 0x0000000002c179f8]
Event: 199.932 Thread 0x0000000009ade000  299             java.util.Hashtable$Enumerator::hasMoreElements (53 bytes)
Event: 199.933 Thread 0x0000000009adf800  300             sun.util.logging.PlatformLogger::isLoggable (9 bytes)
Event: 199.935 Thread 0x0000000009ade000 nmethod 299 0x0000000002c173d0 code [0x0000000002c17500, 0x0000000002c17678]
Event: 199.935 Thread 0x0000000009ade000  301             sun.util.logging.PlatformLogger::isLoggable (38 bytes)
Event: 199.937 Thread 0x0000000009adf800 nmethod 300 0x0000000002c16c10 code [0x0000000002c16da0, 0x0000000002c17098]
Event: 199.938 Thread 0x0000000009ade000 nmethod 301 0x0000000002c167d0 code [0x0000000002c16920, 0x0000000002c16a58]

GC Heap History (2 events):
Event: 40.821 GC heap before
{Heap before GC invocations=1 (full 0):
 PSYoungGen      total 28672K, used 25088K [0x00000000e0880000, 0x00000000e2800000, 0x0000000100000000)
  eden space 25088K, 100% used [0x00000000e0880000,0x00000000e2100000,0x00000000e2100000)
  from space 3584K, 0% used [0x00000000e2480000,0x00000000e2480000,0x00000000e2800000)
  to   space 3584K, 0% used [0x00000000e2100000,0x00000000e2100000,0x00000000e2480000)
 ParOldGen       total 64000K, used 0K [0x00000000a1a00000, 0x00000000a5880000, 0x00000000e0880000)
  object space 64000K, 0% used [0x00000000a1a00000,0x00000000a1a00000,0x00000000a5880000)
 PSPermGen       total 21504K, used 11647K [0x000000009c800000, 0x000000009dd00000, 0x00000000a1a00000)
  object space 21504K, 54% used [0x000000009c800000,0x000000009d35fc48,0x000000009dd00000)
Event: 40.837 GC heap after
Heap after GC invocations=1 (full 0):
 PSYoungGen      total 28672K, used 3568K [0x00000000e0880000, 0x00000000e2800000, 0x0000000100000000)
  eden space 25088K, 0% used [0x00000000e0880000,0x00000000e0880000,0x00000000e2100000)
  from space 3584K, 99% used [0x00000000e2100000,0x00000000e247c028,0x00000000e2480000)
  to   space 3584K, 0% used [0x00000000e2480000,0x00000000e2480000,0x00000000e2800000)
 ParOldGen       total 64000K, used 317K [0x00000000a1a00000, 0x00000000a5880000, 0x00000000e0880000)
  object space 64000K, 0% used [0x00000000a1a00000,0x00000000a1a4f520,0x00000000a5880000)
 PSPermGen       total 21504K, used 11647K [0x000000009c800000, 0x000000009dd00000, 0x00000000a1a00000)
  object space 21504K, 54% used [0x000000009c800000,0x000000009d35fc48,0x000000009dd00000)
}

Deoptimization events (10 events):
Event: 197.291 Thread 0x000000000b6c0800 Uncommon trap: reason=class_check action=maybe_recompile pc=0x0000000002bdc208 method=javax.swing.RepaintManager.collectDirtyComponents(Ljava/util/Map;Ljava/awt/Component;Ljava/util/List;)V @ 7
Event: 197.348 Thread 0x000000000b6c0800 Uncommon trap: reason=unreached action=reinterpret pc=0x0000000002c0c274 method=sun.java2d.pipe.DrawImage.copyImage(Lsun/java2d/SunGraphics2D;Ljava/awt/Image;IILjava/awt/Color;Ljava/awt/image/ImageObserver;)Z @ 4
Event: 197.534 Thread 0x000000000b6c0800 Uncommon trap: reason=unreached action=reinterpret pc=0x0000000002c14994 method=sun.java2d.SunGraphics2D.clone()Ljava/lang/Object; @ 48
Event: 197.542 Thread 0x000000000b6c0800 Uncommon trap: reason=unreached action=reinterpret pc=0x0000000002c08ed4 method=sun.java2d.SunGraphics2D.clone()Ljava/lang/Object; @ 48
Event: 197.579 Thread 0x000000000b6c0800 Uncommon trap: reason=null_check action=make_not_entrant pc=0x0000000002c15b9c method=javax.swing.text.html.CSS.styleConstantsKeyToCSSKey(Ljavax/swing/text/StyleConstants;)Ljavax/swing/text/html/CSS$Attribute; @ 7
Event: 199.929 Thread 0x000000000b6c0800 Uncommon trap: reason=unreached action=reinterpret pc=0x0000000002bce3c0 method=javax.swing.JComponent.getClientProperty(Ljava/lang/Object;)Ljava/lang/Object; @ 28
Event: 199.931 Thread 0x000000000b6c0800 Uncommon trap: reason=bimorphic action=maybe_recompile pc=0x0000000002bcb4d8 method=javax.swing.ArrayTable.get(Ljava/lang/Object;)Ljava/lang/Object; @ 44
Event: 199.931 Thread 0x000000000b6c0800 Uncommon trap: reason=bimorphic action=maybe_recompile pc=0x0000000002bcb4d8 method=javax.swing.ArrayTable.get(Ljava/lang/Object;)Ljava/lang/Object; @ 44
Event: 199.931 Thread 0x000000000b6c0800 Uncommon trap: reason=bimorphic action=maybe_recompile pc=0x0000000002bcb4d8 method=javax.swing.ArrayTable.get(Ljava/lang/Object;)Ljava/lang/Object; @ 44
Event: 199.933 Thread 0x000000000b6c0800 Uncommon trap: reason=unreached action=reinterpret pc=0x0000000002bcb54c method=javax.swing.ArrayTable.get(Ljava/lang/Object;)Ljava/lang/Object; @ 6

Internal exceptions (10 events):
Event: 6.213 Thread 0x000000000b6c0800 Threw 0x00000000e1b78a30 at C:\re\jdk7u60\1081\hotspot\src\share\vm\prims\jvm.cpp:1244
Event: 6.214 Thread 0x000000000b6c0800 Threw 0x00000000e1b7c500 at C:\re\jdk7u60\1081\hotspot\src\share\vm\prims\jvm.cpp:1244
Event: 6.214 Thread 0x000000000b6c0800 Threw 0x00000000e1b7e8d8 at C:\re\jdk7u60\1081\hotspot\src\share\vm\prims\jvm.cpp:1244
Event: 6.231 Thread 0x000000000b6c0800 Threw 0x00000000e1ba02e8 at C:\re\jdk7u60\1081\hotspot\src\share\vm\prims\jvm.cpp:1244
Event: 6.232 Thread 0x000000000b6c0800 Threw 0x00000000e1ba2f68 at C:\re\jdk7u60\1081\hotspot\src\share\vm\prims\jvm.cpp:1244
Event: 6.240 Thread 0x000000000b6c0800 Threw 0x00000000e1ba65c0 at C:\re\jdk7u60\1081\hotspot\src\share\vm\prims\jvm.cpp:1244
Event: 64.317 Thread 0x000000000b6c0800 Implicit null exception at 0x0000000002baa488 to 0x0000000002baa766
Event: 197.579 Thread 0x000000000b6c0800 Implicit null exception at 0x0000000002c15954 to 0x0000000002c15b91
Event: 199.929 Thread 0x000000000b6c0800 Implicit null exception at 0x0000000002bcdede to 0x0000000002bce3b1
Event: 199.933 Thread 0x000000000b6c0800 Implicit null exception at 0x0000000002bcb2c8 to 0x0000000002bcb539

Events (10 events):
Event: 199.931 loading class 0x000000000b480b10
Event: 199.932 loading class 0x000000000b480b10 done
Event: 199.933 Thread 0x000000000b6c0800 Uncommon trap: trap_request=0xffffffad fr.pc=0x0000000002bcb54c
Event: 199.933 Thread 0x000000000b6c0800 DEOPT PACKING pc=0x0000000002bcb54c sp=0x000000000c20cda0
Event: 199.933 Thread 0x000000000b6c0800 DEOPT UNPACKING pc=0x0000000002b575a4 sp=0x000000000c20cd30 mode 2
Event: 199.938 Thread 0x000000001345f000 Thread added: 0x000000001345f000
Event: 199.938 Thread 0x0000000013460000 Thread added: 0x0000000013460000
Event: 199.939 Thread 0x0000000013460000 Thread exited: 0x0000000013460000
Event: 199.946 Thread 0x000000000b6bd800 Thread exited: 0x000000000b6bd800
Event: 200.040 Thread 0x000000001345f000 Thread exited: 0x000000001345f000


Dynamic libraries:
0x00007ff673670000 - 0x00007ff6736a3000 	F:\pasa emergencial\MATLAB\MATLAB Production Server\R2015a\sys\java\jre\win64\jre\bin\java.exe
0x00007ff9b5c90000 - 0x00007ff9b5e6b000 	C:\WINDOWS\SYSTEM32\ntdll.dll
0x00007ff9b4a40000 - 0x00007ff9b4aee000 	C:\WINDOWS\System32\KERNEL32.DLL
0x00007ff9b2ea0000 - 0x00007ff9b30e9000 	C:\WINDOWS\System32\KERNELBASE.dll
0x00007ff9b04a0000 - 0x00007ff9b051e000 	C:\WINDOWS\SYSTEM32\apphelp.dll
0x00007ff9b31f0000 - 0x00007ff9b3291000 	C:\WINDOWS\System32\ADVAPI32.dll
0x00007ff9b4e80000 - 0x00007ff9b4f1d000 	C:\WINDOWS\System32\msvcrt.dll
0x00007ff9b5990000 - 0x00007ff9b59e9000 	C:\WINDOWS\System32\sechost.dll
0x00007ff9b57b0000 - 0x00007ff9b58d5000 	C:\WINDOWS\System32\RPCRT4.dll
0x00007ff9b5090000 - 0x00007ff9b51da000 	C:\WINDOWS\System32\USER32.dll
0x00007ff9b2670000 - 0x00007ff9b268e000 	C:\WINDOWS\System32\win32u.dll
0x00007ff9b59f0000 - 0x00007ff9b5a17000 	C:\WINDOWS\System32\GDI32.dll
0x00007ff9b21b0000 - 0x00007ff9b2338000 	C:\WINDOWS\System32\gdi32full.dll
0x00007ff9b2e00000 - 0x00007ff9b2e9a000 	C:\WINDOWS\System32\msvcp_win.dll
0x00007ff9b30f0000 - 0x00007ff9b31e6000 	C:\WINDOWS\System32\ucrtbase.dll
0x00007ff9a6dc0000 - 0x00007ff9a7027000 	C:\WINDOWS\WinSxS\amd64_microsoft.windows.common-controls_6595b64144ccf1df_6.0.15063.483_none_26002d27e7c744a2\COMCTL32.dll
0x00007ff9b4b80000 - 0x00007ff9b4e79000 	C:\WINDOWS\System32\combase.dll
0x00007ff9b2d90000 - 0x00007ff9b2dfa000 	C:\WINDOWS\System32\bcryptPrimitives.dll
0x00007ff9b4b50000 - 0x00007ff9b4b7d000 	C:\WINDOWS\System32\IMM32.DLL
0x00000000743d0000 - 0x00000000744a2000 	F:\pasa emergencial\MATLAB\MATLAB Production Server\R2015a\sys\java\jre\win64\jre\bin\msvcr100.dll
0x0000000070600000 - 0x0000000070dd2000 	F:\pasa emergencial\MATLAB\MATLAB Production Server\R2015a\sys\java\jre\win64\jre\bin\server\jvm.dll
0x00007ff9b5c80000 - 0x00007ff9b5c88000 	C:\WINDOWS\System32\PSAPI.DLL
0x00007ff9a92c0000 - 0x00007ff9a92e3000 	C:\WINDOWS\SYSTEM32\WINMM.dll
0x00007ff9ad020000 - 0x00007ff9ad029000 	C:\WINDOWS\SYSTEM32\WSOCK32.dll
0x00007ff9a9290000 - 0x00007ff9a92bb000 	C:\WINDOWS\SYSTEM32\WINMMBASE.dll
0x00007ff9b2620000 - 0x00007ff9b2669000 	C:\WINDOWS\System32\cfgmgr32.dll
0x00007ff9b5740000 - 0x00007ff9b57ac000 	C:\WINDOWS\System32\WS2_32.dll
0x0000000072990000 - 0x000000007299f000 	F:\pasa emergencial\MATLAB\MATLAB Production Server\R2015a\sys\java\jre\win64\jre\bin\verify.dll
0x0000000071cc0000 - 0x0000000071ce8000 	F:\pasa emergencial\MATLAB\MATLAB Production Server\R2015a\sys\java\jre\win64\jre\bin\java.dll
0x0000000071ca0000 - 0x0000000071cb5000 	F:\pasa emergencial\MATLAB\MATLAB Production Server\R2015a\sys\java\jre\win64\jre\bin\zip.dll
0x0000000070460000 - 0x00000000705f5000 	F:\pasa emergencial\MATLAB\MATLAB Production Server\R2015a\sys\java\jre\win64\jre\bin\awt.dll
0x00007ff9b5a20000 - 0x00007ff9b5ae0000 	C:\WINDOWS\System32\OLEAUT32.dll
0x00007ff9b0630000 - 0x00007ff9b06c5000 	C:\WINDOWS\system32\uxtheme.dll
0x00007ff9b48a0000 - 0x00007ff9b4a06000 	C:\WINDOWS\System32\MSCTF.dll
0x00007ff9a7510000 - 0x00007ff9a753a000 	C:\WINDOWS\system32\dwmapi.dll
0x00007ff9b4750000 - 0x00007ff9b4895000 	C:\WINDOWS\System32\ole32.dll
0x00007ff9b2140000 - 0x00007ff9b2151000 	C:\WINDOWS\System32\kernel.appcore.dll
0x00007ff9b3300000 - 0x00007ff9b4736000 	C:\WINDOWS\System32\SHELL32.dll
0x00007ff9b58e0000 - 0x00007ff9b598a000 	C:\WINDOWS\System32\shcore.dll
0x00007ff9b2690000 - 0x00007ff9b2d83000 	C:\WINDOWS\System32\windows.storage.dll
0x00007ff9b4f20000 - 0x00007ff9b4f71000 	C:\WINDOWS\System32\shlwapi.dll
0x00007ff9b2160000 - 0x00007ff9b21ac000 	C:\WINDOWS\System32\powrprof.dll
0x00007ff9b2120000 - 0x00007ff9b2135000 	C:\WINDOWS\System32\profapi.dll
0x000000000bf80000 - 0x000000000bfa5000 	F:\pasa emergencial\MATLAB\MATLAB Production Server\R2015a\bin\win64\nativejava.dll
0x00007ff98bcd0000 - 0x00007ff98bda4000 	C:\WINDOWS\SYSTEM32\MSVCR110.dll
0x00007ff99b7b0000 - 0x00007ff99b7cb000 	C:\WINDOWS\SYSTEM32\MPR.dll
0x00007ff991d10000 - 0x00007ff991db7000 	C:\WINDOWS\SYSTEM32\MSVCP110.dll
0x000000000bfb0000 - 0x000000000bfdb000 	F:\pasa emergencial\MATLAB\MATLAB Production Server\R2015a\bin\win64\libmwnativedialogs.dll
0x000000000bff0000 - 0x000000000c000000 	F:\pasa emergencial\MATLAB\MATLAB Production Server\R2015a\bin\win64\nativejava_services.dll
0x000000000ca00000 - 0x000000000caf7000 	F:\pasa emergencial\MATLAB\MATLAB Production Server\R2015a\bin\win64\libmwi18n.dll
0x000000000cb00000 - 0x000000000cbc5000 	F:\pasa emergencial\MATLAB\MATLAB Production Server\R2015a\bin\win64\libut.dll
0x00007ff9ad720000 - 0x00007ff9ad729000 	F:\pasa emergencial\MATLAB\MATLAB Production Server\R2015a\bin\win64\boost_system-vc110-mt-1_49.dll
0x00007ff9af120000 - 0x00007ff9af12f000 	F:\pasa emergencial\MATLAB\MATLAB Production Server\R2015a\bin\win64\boost_date_time-vc110-mt-1_49.dll
0x00007ff9a5d80000 - 0x00007ff9a5dac000 	F:\pasa emergencial\MATLAB\MATLAB Production Server\R2015a\bin\win64\boost_filesystem-vc110-mt-1_49.dll
0x00007ff9a98f0000 - 0x00007ff9a9915000 	F:\pasa emergencial\MATLAB\MATLAB Production Server\R2015a\bin\win64\LIBEXPAT.dll
0x0000000072fc0000 - 0x0000000073157000 	F:\pasa emergencial\MATLAB\MATLAB Production Server\R2015a\bin\win64\icuin52.dll
0x00000000720c0000 - 0x0000000072201000 	F:\pasa emergencial\MATLAB\MATLAB Production Server\R2015a\bin\win64\icuuc52.dll
0x00000000744b0000 - 0x00000000744c1000 	F:\pasa emergencial\MATLAB\MATLAB Production Server\R2015a\bin\win64\icuio52.dll
0x00007ff991b10000 - 0x00007ff991b98000 	F:\pasa emergencial\MATLAB\MATLAB Production Server\R2015a\bin\win64\boost_log-vc110-mt-1_49.dll
0x00007ff9aaa90000 - 0x00007ff9aaaa1000 	F:\pasa emergencial\MATLAB\MATLAB Production Server\R2015a\bin\win64\boost_thread-vc110-mt-1_49.dll
0x00007ff9a32d0000 - 0x00007ff9a330f000 	F:\pasa emergencial\MATLAB\MATLAB Production Server\R2015a\bin\win64\tbb.dll
0x000000000cbe0000 - 0x000000000ce00000 	F:\pasa emergencial\MATLAB\MATLAB Production Server\R2015a\bin\win64\libmwfl.dll
0x00007ff9b4a20000 - 0x00007ff9b4a3d000 	C:\WINDOWS\System32\imagehlp.dll
0x000000000ce00000 - 0x000000000ce0f000 	F:\pasa emergencial\MATLAB\MATLAB Production Server\R2015a\bin\win64\libmwresource_core.dll
0x000000000ce20000 - 0x000000000e48b000 	F:\pasa emergencial\MATLAB\MATLAB Production Server\R2015a\bin\win64\icudt52.dll
0x000000000e490000 - 0x000000000e49f000 	F:\pasa emergencial\MATLAB\MATLAB Production Server\R2015a\bin\win64\libmwplatform_res.dll
0x00007ff989780000 - 0x00007ff98985d000 	F:\pasa emergencial\MATLAB\MATLAB Production Server\R2015a\bin\win64\boost_regex-vc110-mt-1_49.dll
0x00007ff991f80000 - 0x00007ff991fc5000 	F:\pasa emergencial\MATLAB\MATLAB Production Server\R2015a\bin\win64\boost_serialization-vc110-mt-1_49.dll
0x00007ff9a9990000 - 0x00007ff9a99a1000 	F:\pasa emergencial\MATLAB\MATLAB Production Server\R2015a\bin\win64\boost_signals-vc110-mt-1_49.dll
0x000000000e4a0000 - 0x000000000ea24000 	F:\pasa emergencial\MATLAB\MATLAB Production Server\R2015a\bin\win64\libmwMATLAB_res.dll
0x0000000071c50000 - 0x0000000071c97000 	F:\pasa emergencial\MATLAB\MATLAB Production Server\R2015a\sys\java\jre\win64\jre\bin\fontmanager.dll
0x0000000071620000 - 0x0000000071639000 	F:\pasa emergencial\MATLAB\MATLAB Production Server\R2015a\sys\java\jre\win64\jre\bin\net.dll
0x00007ff9b1700000 - 0x00007ff9b175c000 	C:\WINDOWS\system32\mswsock.dll
0x0000000071600000 - 0x0000000071611000 	F:\pasa emergencial\MATLAB\MATLAB Production Server\R2015a\sys\java\jre\win64\jre\bin\nio.dll
0x000000000ce10000 - 0x000000000ce1f000 	F:\pasa emergencial\MATLAB\MATLAB Production Server\R2015a\bin\win64\nativeservices.dll
0x000000000ed70000 - 0x000000000eed3000 	F:\pasa emergencial\MATLAB\MATLAB Production Server\R2015a\bin\win64\jmi.dll
0x000000000eee0000 - 0x000000000f221000 	F:\pasa emergencial\MATLAB\MATLAB Production Server\R2015a\bin\win64\libmwms.dll
0x000000000f230000 - 0x000000000f650000 	F:\pasa emergencial\MATLAB\MATLAB Production Server\R2015a\bin\win64\mlutil.dll
0x0000000180000000 - 0x0000000180330000 	F:\pasa emergencial\MATLAB\MATLAB Production Server\R2015a\bin\win64\settingscore.dll
0x0000000012000000 - 0x0000000012263000 	F:\pasa emergencial\MATLAB\MATLAB Production Server\R2015a\bin\win64\xerces-c_3_1.dll
0x00007ff9ad300000 - 0x00007ff9ad310000 	F:\pasa emergencial\MATLAB\MATLAB Production Server\R2015a\bin\win64\boost_iostreams-vc110-mt-1_49.dll
0x000000000f660000 - 0x000000000fa77000 	F:\pasa emergencial\MATLAB\MATLAB Production Server\R2015a\bin\win64\libmwservices.dll
0x00007ff9b4f80000 - 0x00007ff9b5088000 	C:\WINDOWS\System32\COMDLG32.dll
0x00007ff9a7df0000 - 0x00007ff9a7e07000 	C:\WINDOWS\SYSTEM32\NETAPI32.dll
0x00007ff983df0000 - 0x00007ff983fde000 	F:\pasa emergencial\MATLAB\MATLAB Production Server\R2015a\bin\win64\PocoFoundation64.dll
0x00007ff991a70000 - 0x00007ff991ab9000 	F:\pasa emergencial\MATLAB\MATLAB Production Server\R2015a\bin\win64\PocoNetSSL64.dll
0x00007ff984500000 - 0x00007ff98461f000 	F:\pasa emergencial\MATLAB\MATLAB Production Server\R2015a\bin\win64\PocoNet64.dll
0x00007ff9b14a0000 - 0x00007ff9b14d7000 	C:\WINDOWS\SYSTEM32\IPHLPAPI.DLL
0x00007ff983750000 - 0x00007ff9838d9000 	F:\pasa emergencial\MATLAB\MATLAB Production Server\R2015a\bin\win64\LIBEAY32.dll
0x00007ff98b760000 - 0x00007ff98b7b8000 	F:\pasa emergencial\MATLAB\MATLAB Production Server\R2015a\bin\win64\SSLEAY32.dll
0x00007ff9a4990000 - 0x00007ff9a49bb000 	F:\pasa emergencial\MATLAB\MATLAB Production Server\R2015a\bin\win64\PocoCrypto64.dll
0x00007ff987c20000 - 0x00007ff987ca3000 	F:\pasa emergencial\MATLAB\MATLAB Production Server\R2015a\bin\win64\PocoUtil64.dll
0x00007ff986530000 - 0x00007ff9865e5000 	F:\pasa emergencial\MATLAB\MATLAB Production Server\R2015a\bin\win64\PocoXML64.dll
0x00007ff989720000 - 0x00007ff98977c000 	F:\pasa emergencial\MATLAB\MATLAB Production Server\R2015a\bin\win64\PocoJSON64.dll
0x000000000faf0000 - 0x000000000fc8a000 	F:\pasa emergencial\MATLAB\MATLAB Production Server\R2015a\bin\win64\libmx.dll
0x000000000fc90000 - 0x000000000fd69000 	F:\pasa emergencial\MATLAB\MATLAB Production Server\R2015a\bin\win64\m_dispatcher.dll
0x000000000fd70000 - 0x000000000fdbe000 	F:\pasa emergencial\MATLAB\MATLAB Production Server\R2015a\bin\win64\mpath.dll
0x000000000fdc0000 - 0x00000000106cc000 	F:\pasa emergencial\MATLAB\MATLAB Production Server\R2015a\bin\win64\m_interpreter.dll
0x00000000106d0000 - 0x0000000010819000 	F:\pasa emergencial\MATLAB\MATLAB Production Server\R2015a\bin\win64\iqm.dll
0x0000000010820000 - 0x0000000010862000 	F:\pasa emergencial\MATLAB\MATLAB Production Server\R2015a\bin\win64\mcos.dll
0x0000000010870000 - 0x000000001088e000 	F:\pasa emergencial\MATLAB\MATLAB Production Server\R2015a\bin\win64\libmwMATLAB_settings_res.dll
0x0000000010890000 - 0x0000000010909000 	F:\pasa emergencial\MATLAB\MATLAB Production Server\R2015a\bin\win64\xmlcore.dll
0x0000000010910000 - 0x0000000010961000 	F:\pasa emergencial\MATLAB\MATLAB Production Server\R2015a\bin\win64\libmwregexp.dll
0x0000000010970000 - 0x0000000010976000 	F:\pasa emergencial\MATLAB\MATLAB Production Server\R2015a\bin\win64\libmwnativedisplay.dll
0x0000000010980000 - 0x0000000010992000 	F:\pasa emergencial\MATLAB\MATLAB Production Server\R2015a\bin\win64\display_device.dll
0x00000000109a0000 - 0x00000000109fe000 	F:\pasa emergencial\MATLAB\MATLAB Production Server\R2015a\bin\win64\opccore.dll
0x0000000010a00000 - 0x0000000010ad8000 	F:\pasa emergencial\MATLAB\MATLAB Production Server\R2015a\bin\win64\opcmodel.dll
0x0000000010ae0000 - 0x0000000010b09000 	F:\pasa emergencial\MATLAB\MATLAB Production Server\R2015a\bin\win64\opczippackage.dll
0x0000000010b10000 - 0x0000000010ca8000 	F:\pasa emergencial\MATLAB\MATLAB Production Server\R2015a\bin\win64\opcmwservices.dll
0x00007ff9a3290000 - 0x00007ff9a32d0000 	F:\pasa emergencial\MATLAB\MATLAB Production Server\R2015a\bin\win64\tbbmalloc.dll
0x0000000074240000 - 0x0000000074257000 	F:\pasa emergencial\MATLAB\MATLAB Production Server\R2015a\bin\win64\zlib1.dll
0x00007ff9b5300000 - 0x00007ff9b573b000 	C:\WINDOWS\System32\SETUPAPI.dll
0x00007ff9b19d0000 - 0x00007ff9b1b79000 	C:\WINDOWS\SYSTEM32\dbghelp.dll
0x0000000073400000 - 0x000000007340f000 	F:\pasa emergencial\MATLAB\MATLAB Production Server\R2015a\bin\win64\libminizip.dll
0x0000000010cb0000 - 0x0000000010cbb000 	F:\pasa emergencial\MATLAB\MATLAB Production Server\R2015a\bin\win64\language_execution_interfaces.dll
0x0000000010cc0000 - 0x0000000010ced000 	F:\pasa emergencial\MATLAB\MATLAB Production Server\R2015a\bin\win64\libmex.dll
0x0000000010cf0000 - 0x0000000010d6f000 	F:\pasa emergencial\MATLAB\MATLAB Production Server\R2015a\bin\win64\profiler.dll
0x0000000010d70000 - 0x0000000010eec000 	F:\pasa emergencial\MATLAB\MATLAB Production Server\R2015a\bin\win64\libmwmathutil.dll
0x0000000010ef0000 - 0x0000000010f52000 	F:\pasa emergencial\MATLAB\MATLAB Production Server\R2015a\bin\win64\libmwmathrng.dll
0x0000000010f60000 - 0x0000000010f81000 	F:\pasa emergencial\MATLAB\MATLAB Production Server\R2015a\bin\win64\m_pcodeio.dll
0x0000000010f90000 - 0x0000000011002000 	F:\pasa emergencial\MATLAB\MATLAB Production Server\R2015a\bin\win64\m_ir.dll
0x0000000011010000 - 0x0000000011783000 	F:\pasa emergencial\MATLAB\MATLAB Production Server\R2015a\bin\win64\m_parser.dll
0x0000000011790000 - 0x00000000117ba000 	F:\pasa emergencial\MATLAB\MATLAB Production Server\R2015a\bin\win64\m_pcodegen.dll
0x00000000117c0000 - 0x0000000011831000 	F:\pasa emergencial\MATLAB\MATLAB Production Server\R2015a\bin\win64\libmwspmatrix.dll
0x0000000011840000 - 0x0000000011a8c000 	F:\pasa emergencial\MATLAB\MATLAB Production Server\R2015a\bin\win64\libmwflnetwork.dll
0x0000000011a90000 - 0x0000000011aa4000 	F:\pasa emergencial\MATLAB\MATLAB Production Server\R2015a\bin\win64\libmwmfl_rng.dll
0x0000000011ab0000 - 0x0000000011c80000 	F:\pasa emergencial\MATLAB\MATLAB Production Server\R2015a\bin\win64\libmwmathcore.dll
0x0000000011c80000 - 0x0000000011c99000 	F:\pasa emergencial\MATLAB\MATLAB Production Server\R2015a\bin\win64\ir_xfmr.dll

VM Arguments:
java_command: com.mathworks.fatalexit.FatalExitFrame C:\Users\sonia\AppData\Local\Temp\matlab_crash_dump.7780-2 -lucky
Launcher Type: SUN_STANDARD

Environment Variables:
PATH=F:\pasa emergencial\MATLAB\MATLAB Production Server\R2015a\bin\win64;C:\Windows\system32;C:\Windows;C:\Windows\System32\Wbem;C:\Windows\System32\WindowsPowerShell\v1.0\;C:\Program Files (x86)\Common Files\lenovo\easyplussdk\bin;C:\Program Files (x86)\NVIDIA Corporation\PhysX\Common;C:\WINDOWS\system32;C:\WINDOWS;C:\WINDOWS\System32\Wbem;C:\WINDOWS\System32\WindowsPowerShell\v1.0\;C:\Program Files (x86)\Skype\Phone\;C:\Users\sonia\AppData\Local\Microsoft\WindowsApps;
USERNAME=sonia
OS=Windows_NT
PROCESSOR_IDENTIFIER=Intel64 Family 6 Model 69 Stepping 1, GenuineIntel



---------------  S Y S T E M  ---------------

OS: Windows 8.1 , 64 bit Build 9600 

CPU:total 4 (2 cores per cpu, 2 threads per core) family 6 model 69 stepping 1, cmov, cx8, fxsr, mmx, sse, sse2, sse3, ssse3, sse4.1, sse4.2, popcnt, avx, avx2, aes, erms, ht, tsc, tscinvbit

Memory: 4k page, physical 6181144k(2289676k free), swap 7164184k(1932428k free)

vm_info: Java HotSpot(TM) 64-Bit Server VM (24.60-b09) for windows-amd64 JRE (1.7.0_60-b19), built on May  7 2014 12:55:18 by "java_re" with unknown MS VC++:1600

time: Fri Sep 29 01:54:14 2017
elapsed time: 203 seconds

